<?xml version="1.0" encoding="UTF-8"?>
<!-- Generated by org.testng.reporters.JUnitReportReporter -->
<testsuite hostname="BSTNQA7420001" failures="0" tests="4" name="BR.Tests.SubmitOrderTest" time="29.905" errors="0" timestamp="2023-07-21T10:30:39 CDT" skipped="0">
  <testcase classname="BR.Tests.SubmitOrderTest" name="orderHistory" time="6.903"/>
  <testcase classname="BR.Tests.SubmitOrderTest" name="orderHistory" time="6.120"/>
  <testcase classname="BR.Tests.SubmitOrderTest" name="submitOrder" time="8.416"/>
  <testcase classname="BR.Tests.SubmitOrderTest" name="submitOrder" time="8.466"/>
</testsuite> <!-- BR.Tests.SubmitOrderTest -->
